This file contains any messages produced by compilers while
running configure, to aid debugging if configure makes a mistake.

configure:541: checking for gawk
configure:573: checking for gcc
configure:686: checking whether the C compiler (gcc  ) works
configure:702: gcc -o conftest    conftest.c  1>&5
configure:728: checking whether the C compiler (gcc  ) is a cross-compiler
configure:733: checking whether we are using GNU C
configure:761: checking whether gcc accepts -g
configure:823: checking for a BSD compatible install
configure:876: checking whether ln -s works
configure:973: checking host system type
configure:994: checking build system type
configure:1014: checking for ranlib
configure:1053: checking for ld used by GCC
configure:1115: checking if the linker (/usr/bin/ld) is GNU ld
configure:1131: checking for BSD-compatible nm
ltconfig:603: checking for object suffix
ltconfig:604: gcc -c -g -O2  conftest.c 1>&5
ltconfig:629: checking for executable suffix
ltconfig:630: gcc -o conftest -g -O2   conftest.c  1>&5
ltconfig:776: checking if gcc PIC flag -fPIC works
ltconfig:777: gcc -c -g -O2 -fPIC -DPIC  conftest.c 1>&5
ltconfig:829: checking if gcc supports -c -o file.o
ltconfig:830: gcc -c -g -O2 -o out/conftest2.o  conftest.c 1>&5
ltconfig:862: checking if gcc supports -c -o file.lo
ltconfig:863: gcc -c -g -O2 -c -o conftest.lo  conftest.c 1>&5
ltconfig:914: checking if gcc supports -fno-rtti -fno-exceptions
ltconfig:915: gcc -c -g -O2 -fno-rtti -fno-exceptions -c conftest.c  conftest.c 1>&5
ltconfig:958: checking if gcc static flag -static works
ltconfig:959: gcc -o conftest -g -O2   -static conftest.c  1>&5
GNU ld version 2.10.91 (with BFD 2.10.91.0.2)
ltconfig:1653: checking if global_symbol_pipe works
ltconfig:1654: gcc -c -g -O2  conftest.c 1>&5
ltconfig:1657: eval "/usr/bin/nm -B conftest.o | sed -n -e 's/^.*[ 	]\([ABCDGISTW]\)[ 	][ 	]*\(\)\([_A-Za-z][_A-Za-z0-9]*\)$/\1 \2\3 \3/p' > conftest.nm"
ltconfig:1709: gcc -o conftest -g -O2 -fno-builtin -fno-rtti -fno-exceptions   conftest.c conftstm.o 1>&5
ltconfig:603: checking for object suffix
ltconfig:604: gcc -c -g -O2  conftest.c 1>&5
ltconfig:629: checking for executable suffix
ltconfig:630: gcc -o conftest -g -O2   conftest.c  1>&5
ltconfig:776: checking if gcc PIC flag -fPIC works
ltconfig:777: gcc -c -g -O2 -fPIC -DPIC  conftest.c 1>&5
ltconfig:829: checking if gcc supports -c -o file.o
ltconfig:830: gcc -c -g -O2 -o out/conftest2.o  conftest.c 1>&5
ltconfig:862: checking if gcc supports -c -o file.lo
ltconfig:863: gcc -c -g -O2 -c -o conftest.lo  conftest.c 1>&5
ltconfig:914: checking if gcc supports -fno-rtti -fno-exceptions
ltconfig:915: gcc -c -g -O2 -fno-rtti -fno-exceptions -c conftest.c  conftest.c 1>&5
ltconfig:958: checking if gcc static flag -static works
ltconfig:959: gcc -o conftest -g -O2   -static conftest.c  1>&5
GNU ld version 2.10.91 (with BFD 2.10.91.0.2)
ltconfig:1653: checking if global_symbol_pipe works
ltconfig:1654: gcc -c -g -O2  conftest.c 1>&5
ltconfig:1657: eval "/usr/bin/nm -B conftest.o | sed -n -e 's/^.*[ 	]\([ABCDGISTW]\)[ 	][ 	]*\(\)\([_A-Za-z][_A-Za-z0-9]*\)$/\1 \2\3 \3/p' > conftest.nm"
ltconfig:1709: gcc -o conftest -g -O2 -fno-builtin -fno-rtti -fno-exceptions   conftest.c conftstm.o 1>&5
configure:1417: checking how to run the C preprocessor
configure:1497: checking for ANSI C header files
configure:1601: checking for sys/wait.h that is POSIX.1 compatible
configure:1646: checking for fcntl.h
configure:1646: checking for strings.h
configure:1646: checking for sys/ioctl.h
configure:1646: checking for sys/time.h
configure:1646: checking for syslog.h
configure:1646: checking for unistd.h
configure:1684: checking for working const
configure:1759: checking for size_t
configure:1792: checking whether time.h and sys/time.h may both be included
configure:1829: checking whether gcc needs -traditional
configure:1875: checking for pid_t
configure:1909: checking for vfork.h
configure:1944: checking for working vfork
configure:2120: checking for select
configure:2120: checking for socket
configure:2120: checking for strdup
configure:2120: checking for strerror
configure:2120: checking for strtoul
configure:2174: checking whether build environment is sane
configure:2231: checking whether make sets ${MAKE}
configure:2277: checking for working aclocal
configure:2290: checking for working autoconf
configure:2303: checking for working automake
configure:2316: checking for working autoheader
configure:2329: checking for working makeinfo
